0 info it worked if it ends with ok
1 verbose cli [
1 verbose cli   '/usr/local/bin/node',
1 verbose cli   '/usr/local/lib/node_modules/npm/bin/npm-cli.js',
1 verbose cli   'run',
1 verbose cli   'lint',
1 verbose cli   '--scripts-prepend-node-path=auto'
1 verbose cli ]
2 info using npm@6.14.8
3 info using node@v12.18.4
4 verbose run-script [ 'prelint', 'lint', 'postlint' ]
5 info lifecycle weathervue@0.1.0~prelint: weathervue@0.1.0
6 info lifecycle weathervue@0.1.0~lint: weathervue@0.1.0
7 verbose lifecycle weathervue@0.1.0~lint: unsafe-perm in lifecycle true
8 verbose lifecycle weathervue@0.1.0~lint: PATH: /usr/local/lib/node_modules/npm/node_modules/npm-lifecycle/node-gyp-bin:/Users/houssmac/Desktop/weatherVue1/weathervue/node_modules/.bin:/usr/local/bin:/usr/bin:/bin:/usr/sbin:/sbin:/usr/local/share/dotnet:~/.dotnet/tools:/Library/Frameworks/Mono.framework/Versions/Current/Commands
9 verbose lifecycle weathervue@0.1.0~lint: CWD: /Users/houssmac/Desktop/weatherVue1/weathervue
10 silly lifecycle weathervue@0.1.0~lint: Args: [ '-c', 'vue-cli-service lint' ]
11 silly lifecycle weathervue@0.1.0~lint: Returned: code: 1  signal: null
12 info lifecycle weathervue@0.1.0~lint: Failed to exec lint script
13 verbose stack Error: weathervue@0.1.0 lint: `vue-cli-service lint`
13 verbose stack Exit status 1
13 verbose stack     at EventEmitter.<anonymous> (/usr/local/lib/node_modules/npm/node_modules/npm-lifecycle/index.js:332:16)
13 verbose stack     at EventEmitter.emit (events.js:315:20)
13 verbose stack     at ChildProcess.<anonymous> (/usr/local/lib/node_modules/npm/node_modules/npm-lifecycle/lib/spawn.js:55:14)
13 verbose stack     at ChildProcess.emit (events.js:315:20)
13 verbose stack     at maybeClose (internal/child_process.js:1021:16)
13 verbose stack     at Process.ChildProcess._handle.onexit (internal/child_process.js:286:5)
14 verbose pkgid weathervue@0.1.0
15 verbose cwd /Users/houssmac/Desktop/weatherVue1/weathervue
16 verbose Darwin 19.6.0
17 verbose argv "/usr/local/bin/node" "/usr/local/lib/node_modules/npm/bin/npm-cli.js" "run" "lint" "--scripts-prepend-node-path=auto"
18 verbose node v12.18.4
19 verbose npm  v6.14.8
20 error code ELIFECYCLE
21 error errno 1
22 error weathervue@0.1.0 lint: `vue-cli-service lint`
22 error Exit status 1
23 error Failed at the weathervue@0.1.0 lint script.
23 error This is probably not a problem with npm. There is likely additional logging output above.
24 verbose exit [ 1, true ]
